  source.cpp
D:\GitHub projects\lnu_2023_n4\Task_10_02\Task_10_02\Task_10_02\source.cpp(2,1): error C2653: 'Subscriber': is not a class or namespace name
D:\GitHub projects\lnu_2023_n4\Task_10_02\Task_10_02\Task_10_02\source.cpp(2,26): error C4430: missing type specifier - int assumed. Note: C++ does not support default-int
D:\GitHub projects\lnu_2023_n4\Task_10_02\Task_10_02\Task_10_02\source.cpp(3,5): error C2065: 'accountNumber': undeclared identifier
D:\GitHub projects\lnu_2023_n4\Task_10_02\Task_10_02\Task_10_02\source.cpp(4,5): error C2065: 'phoneNumber': undeclared identifier
D:\GitHub projects\lnu_2023_n4\Task_10_02\Task_10_02\Task_10_02\source.cpp(5,5): error C2065: 'debtInfo': undeclared identifier
D:\GitHub projects\lnu_2023_n4\Task_10_02\Task_10_02\Task_10_02\source.cpp(6,5): error C2065: 'address': undeclared identifier
D:\GitHub projects\lnu_2023_n4\Task_10_02\Task_10_02\Task_10_02\source.cpp(7,5): error C2065: 'discount': undeclared identifier
D:\GitHub projects\lnu_2023_n4\Task_10_02\Task_10_02\Task_10_02\source.cpp(8,1): warning C4508: 'Subscriber': function should return a value; 'void' return type assumed
D:\GitHub projects\lnu_2023_n4\Task_10_02\Task_10_02\Task_10_02\source.cpp(10,1): error C2653: 'Subscriber': is not a class or namespace name
D:\GitHub projects\lnu_2023_n4\Task_10_02\Task_10_02\Task_10_02\source.cpp(10,31): error C4430: missing type specifier - int assumed. Note: C++ does not support default-int
D:\GitHub projects\lnu_2023_n4\Task_10_02\Task_10_02\Task_10_02\source.cpp(10,13): error C2365: 'Subscriber': redefinition; previous definition was 'function'
D:\GitHub projects\lnu_2023_n4\Task_10_02\Task_10_02\Task_10_02\source.cpp(2,13): message : see declaration of 'Subscriber'
D:\GitHub projects\lnu_2023_n4\Task_10_02\Task_10_02\Task_10_02\source.cpp(10,24): error C2065: 'string': undeclared identifier
D:\GitHub projects\lnu_2023_n4\Task_10_02\Task_10_02\Task_10_02\source.cpp(10,31): error C2146: syntax error: missing ')' before identifier 'accountNumber'
D:\GitHub projects\lnu_2023_n4\Task_10_02\Task_10_02\Task_10_02\source.cpp(10,112): error C2143: syntax error: missing ';' before '{'
D:\GitHub projects\lnu_2023_n4\Task_10_02\Task_10_02\Task_10_02\source.cpp(10,112): error C2447: '{': missing function header (old-style formal list?)
D:\GitHub projects\lnu_2023_n4\Task_10_02\Task_10_02\Task_10_02\source.cpp(18,8): error C2143: syntax error: missing ';' before '&'
D:\GitHub projects\lnu_2023_n4\Task_10_02\Task_10_02\Task_10_02\source.cpp(18,8): error C4430: missing type specifier - int assumed. Note: C++ does not support default-int
D:\GitHub projects\lnu_2023_n4\Task_10_02\Task_10_02\Task_10_02\source.cpp(18,28): error C2473: 'operator >>': looks like a function definition, but there is no parameter list.
D:\GitHub projects\lnu_2023_n4\Task_10_02\Task_10_02\Task_10_02\source.cpp(18,28): error C4430: missing type specifier - int assumed. Note: C++ does not support default-int
D:\GitHub projects\lnu_2023_n4\Task_10_02\Task_10_02\Task_10_02\source.cpp(18,30): error C2065: 'is': undeclared identifier
D:\GitHub projects\lnu_2023_n4\Task_10_02\Task_10_02\Task_10_02\source.cpp(18,46): error C2065: 'p': undeclared identifier
D:\GitHub projects\lnu_2023_n4\Task_10_02\Task_10_02\Task_10_02\source.cpp(18,20): error C2440: 'initializing': cannot convert from 'initializer list' to 'int &'
D:\GitHub projects\lnu_2023_n4\Task_10_02\Task_10_02\Task_10_02\source.cpp(18,20): message : A reference type cannot be value-initialized
D:\GitHub projects\lnu_2023_n4\Task_10_02\Task_10_02\Task_10_02\source.cpp(18,49): error C2059: syntax error: '{'
D:\GitHub projects\lnu_2023_n4\Task_10_02\Task_10_02\Task_10_02\source.cpp(18,49): error C2143: syntax error: missing ';' before '{'
D:\GitHub projects\lnu_2023_n4\Task_10_02\Task_10_02\Task_10_02\source.cpp(18,49): error C2447: '{': missing function header (old-style formal list?)
D:\GitHub projects\lnu_2023_n4\Task_10_02\Task_10_02\Task_10_02\source.cpp(34,8): error C2143: syntax error: missing ';' before '&'
D:\GitHub projects\lnu_2023_n4\Task_10_02\Task_10_02\Task_10_02\source.cpp(34,8): error C4430: missing type specifier - int assumed. Note: C++ does not support default-int
D:\GitHub projects\lnu_2023_n4\Task_10_02\Task_10_02\Task_10_02\source.cpp(34,28): error C2473: 'operator <<': looks like a function definition, but there is no parameter list.
D:\GitHub projects\lnu_2023_n4\Task_10_02\Task_10_02\Task_10_02\source.cpp(34,28): error C4430: missing type specifier - int assumed. Note: C++ does not support default-int
D:\GitHub projects\lnu_2023_n4\Task_10_02\Task_10_02\Task_10_02\source.cpp(34,30): error C2065: 'os': undeclared identifier
D:\GitHub projects\lnu_2023_n4\Task_10_02\Task_10_02\Task_10_02\source.cpp(34,34): error C2059: syntax error: 'const'
D:\GitHub projects\lnu_2023_n4\Task_10_02\Task_10_02\Task_10_02\source.cpp(34,55): error C2143: syntax error: missing ';' before '{'
D:\GitHub projects\lnu_2023_n4\Task_10_02\Task_10_02\Task_10_02\source.cpp(34,55): error C2447: '{': missing function header (old-style formal list?)
D:\GitHub projects\lnu_2023_n4\Task_10_02\Task_10_02\Task_10_02\source.cpp(42,1): fatal  error C1004: unexpected end-of-file found
  Task_10_02.cpp
D:\GitHub projects\lnu_2023_n4\Task_10_02\Task_10_02\Task_10_02\Task_10_02.cpp(6,10): fatal  error C1083: Cannot open include file: 'Subscriber.h': No such file or directory
  Generating Code...
